Mar 20 11:11:43 Installed: libgcc-4.8.5-44.0.3.el7.x86_64
Mar 20 11:11:43 Installed: 1:redhat-release-server-7.9-6.0.1.el7_9.x86_64
Mar 20 11:11:43 Installed: setup-2.8.71-11.el7.noarch
Mar 20 11:11:44 Installed: filesystem-3.2-25.el7.x86_64
Mar 20 11:11:44 Installed: basesystem-10.0-7.0.1.el7.noarch
Mar 20 11:11:44 Installed: ncurses-base-5.9-14.20130511.el7_4.noarch
Mar 20 11:11:45 Installed: tzdata-2022g-1.el7.noarch
Mar 20 11:11:48 Installed: glibc-common-2.17-326.0.3.el7_9.x86_64
Mar 20 11:11:48 Installed: nss-softokn-freebl-3.79.0-4.0.1.el7_9.x86_64
Mar 20 11:11:49 Installed: glibc-2.17-326.0.3.el7_9.x86_64
Mar 20 11:11:49 Installed: nspr-4.34.0-3.1.el7_9.x86_64
Mar 20 11:11:49 Installed: nss-util-3.79.0-1.el7_9.x86_64
Mar 20 11:11:49 Installed: libstdc++-4.8.5-44.0.3.el7.x86_64
Mar 20 11:11:49 Installed: ncurses-libs-5.9-14.20130511.el7_4.x86_64
Mar 20 11:11:50 Installed: bash-4.2.46-35.el7_9.x86_64
Mar 20 11:11:50 Installed: libsepol-2.5-10.el7.x86_64
Mar 20 11:11:50 Installed: pcre-8.32-17.el7.x86_64
Mar 20 11:11:50 Installed: libselinux-2.5-15.el7.x86_64
Mar 20 11:11:50 Installed: zlib-1.2.7-21.el7_9.x86_64
Mar 20 11:11:50 Installed: info-5.1-5.el7.x86_64
Mar 20 11:11:50 Installed: bzip2-libs-1.0.6-13.el7.x86_64
Mar 20 11:11:50 Installed: xz-libs-5.2.2-2.el7_9.x86_64
Mar 20 11:11:50 Installed: libdb-5.3.21-25.el7.x86_64
Mar 20 11:11:50 Installed: popt-1.13-16.el7.x86_64
Mar 20 11:11:50 Installed: libattr-2.4.46-13.el7.x86_64
Mar 20 11:11:50 Installed: libacl-2.2.51-15.el7.x86_64
Mar 20 11:11:50 Installed: libcap-2.22-11.el7.x86_64
Mar 20 11:11:50 Installed: readline-6.2-11.el7.x86_64
Mar 20 11:11:50 Installed: lua-5.1.4-15.el7.x86_64
Mar 20 11:11:50 Installed: elfutils-libelf-0.176-5.el7.x86_64
Mar 20 11:11:50 Installed: libcom_err-1.42.9-19.0.1.el7.x86_64
Mar 20 11:11:51 Installed: libgpg-error-1.12-3.el7.x86_64
Mar 20 11:11:51 Installed: libffi-3.0.13-19.el7.x86_64
Mar 20 11:11:51 Installed: sqlite-3.7.17-8.el7_7.1.x86_64
Mar 20 11:11:51 Installed: chkconfig-1.7.6-1.el7.x86_64
Mar 20 11:11:51 Installed: libxml2-2.9.1-6.0.3.el7_9.6.x86_64
Mar 20 11:11:51 Installed: grep-2.20-3.el7.x86_64
Mar 20 11:11:51 Installed: sed-4.2.2-7.el7.x86_64
Mar 20 11:11:51 Installed: nss-softokn-3.79.0-4.0.1.el7_9.x86_64
Mar 20 11:11:51 Installed: p11-kit-0.23.5-3.el7.x86_64
Mar 20 11:11:51 Installed: libassuan-2.1.0-3.el7.x86_64
Mar 20 11:11:51 Installed: file-libs-5.11-37.el7.x86_64
Mar 20 11:11:51 Installed: libuuid-2.23.2-65.0.3.el7_9.1.x86_64
Mar 20 11:11:51 Installed: keyutils-libs-1.5.8-3.el7.x86_64
Mar 20 11:11:51 Installed: pinentry-0.8.1-17.el7.x86_64
Mar 20 11:11:51 Installed: libgcrypt-1.5.3-14.el7.x86_64
Mar 20 11:11:52 Installed: libdb-utils-5.3.21-25.el7.x86_64
Mar 20 11:11:52 Installed: libidn-1.28-4.el7.x86_64
Mar 20 11:11:52 Installed: gawk-4.0.2-4.el7_3.1.x86_64
Mar 20 11:11:52 Installed: 1:findutils-4.5.11-6.el7.x86_64
Mar 20 11:11:52 Installed: diffutils-3.3-6.el7_9.x86_64
Mar 20 11:11:52 Installed: cpio-2.11-28.el7.x86_64
Mar 20 11:11:52 Installed: ncurses-5.9-14.20130511.el7_4.x86_64
Mar 20 11:11:52 Installed: 1:gmp-6.0.0-15.el7.x86_64
Mar 20 11:11:52 Installed: pth-2.0.7-23.el7.x86_64
Mar 20 11:11:52 Installed: ustr-1.0.4-16.el7.x86_64
Mar 20 11:11:52 Installed: libverto-0.2.5-4.el7.x86_64
Mar 20 11:11:52 Installed: libtasn1-4.10-1.el7.x86_64
Mar 20 11:11:52 Installed: p11-kit-trust-0.23.5-3.el7.x86_64
Mar 20 11:11:54 Installed: ca-certificates-2022.2.54-74.el7_9.noarch
Mar 20 11:11:55 Installed: coreutils-8.22-24.0.1.el7_9.2.x86_64
Mar 20 11:11:55 Installed: krb5-libs-1.15.1-55.0.1.el7_9.x86_64
Mar 20 11:11:55 Installed: 1:openssl-libs-1.0.2k-26.el7_9.x86_64
Mar 20 11:11:55 Installed: libssh2-1.8.0-4.el7.x86_64
Mar 20 11:11:55 Installed: cyrus-sasl-lib-2.1.26-24.0.1.el7_9.x86_64
Mar 20 11:11:55 Installed: nss-pem-1.0.3-7.el7.x86_64
Mar 20 11:11:55 Installed: nss-3.79.0-5.el7_9.x86_64
Mar 20 11:11:55 Installed: nss-sysinit-3.79.0-5.el7_9.x86_64
Mar 20 11:11:55 Installed: nss-tools-3.79.0-5.el7_9.x86_64
Mar 20 11:11:55 Installed: libblkid-2.23.2-65.0.3.el7_9.1.x86_64
Mar 20 11:11:55 Installed: libmount-2.23.2-65.0.3.el7_9.1.x86_64
Mar 20 11:11:56 Installed: glib2-2.56.1-9.el7_9.x86_64
Mar 20 11:11:56 Installed: shared-mime-info-1.8-5.el7.x86_64
Mar 20 11:11:56 Installed: gdbm-1.10-8.el7.x86_64
Mar 20 11:11:56 Installed: expat-2.1.0-15.0.1.el7_9.x86_64
Mar 20 11:11:58 Installed: python-libs-2.7.5-92.0.1.el7_9.x86_64
Mar 20 11:11:58 Installed: python-2.7.5-92.0.1.el7_9.x86_64
Mar 20 11:11:58 Installed: libxml2-python-2.9.1-6.0.3.el7_9.6.x86_64
Mar 20 11:11:58 Installed: python-iniparse-0.4-9.el7.noarch
Mar 20 11:11:58 Installed: yum-metadata-parser-1.1.4-10.el7.x86_64
Mar 20 11:11:58 Installed: python-chardet-2.2.1-3.el7.noarch
Mar 20 11:11:58 Installed: python-kitchen-1.1.1-5.el7.noarch
Mar 20 11:11:59 Installed: pyliblzma-0.5.3-11.el7.x86_64
Mar 20 11:11:59 Installed: pyxattr-0.5.1-5.el7.x86_64
Mar 20 11:11:59 Installed: libcap-ng-0.7.5-4.el7.x86_64
Mar 20 11:11:59 Installed: audit-libs-2.8.5-4.el7.x86_64
Mar 20 11:11:59 Installed: libcurl-7.29.0-59.0.3.el7_9.1.x86_64
Mar 20 11:11:59 Installed: curl-7.29.0-59.0.3.el7_9.1.x86_64
Mar 20 11:11:59 Installed: rpm-libs-4.11.3-48.el7_9.x86_64
Mar 20 11:11:59 Installed: rpm-4.11.3-48.el7_9.x86_64
Mar 20 11:11:59 Installed: openldap-2.4.44-25.el7_9.x86_64
Mar 20 11:12:00 Installed: gnupg2-2.0.22-5.el7_5.x86_64
Mar 20 11:12:00 Installed: gpgme-1.3.2-5.el7.x86_64
Mar 20 11:12:00 Installed: pygpgme-0.3-9.el7.x86_64
Mar 20 11:12:00 Installed: rpm-build-libs-4.11.3-48.el7_9.x86_64
Mar 20 11:12:00 Installed: rpm-python-4.11.3-48.el7_9.x86_64
Mar 20 11:12:00 Installed: python-pycurl-7.19.0-19.el7.x86_64
Mar 20 11:12:00 Installed: python-urlgrabber-3.10-10.el7.noarch
Mar 20 11:12:00 Installed: yum-3.4.3-168.0.3.el7.noarch
Mar 20 11:12:00 Installed: yum-utils-1.1.31-54.0.1.el7_8.noarch
Mar 20 11:12:00 Installed: libsemanage-2.5-14.el7.x86_64
Mar 20 11:12:00 Installed: 2:shadow-utils-4.6-5.0.1.el7.x86_64
Mar 20 11:12:01 Installed: oraclelinux-release-el7-1.0-17.el7.x86_64
Mar 20 11:12:01 Installed: yum-plugin-ovl-1.1.31-54.0.1.el7_8.noarch
Mar 20 11:12:01 Installed: 2:tar-1.26-35.el7.x86_64
Mar 20 11:12:01 Installed: 7:oraclelinux-release-7.9-1.0.9.el7.x86_64
Mar 20 11:12:01 Installed: kernel-container-3.10.0-0.0.0.2.el7.x86_64
Mar 21 20:51:23 Installed: oracle-epel-release-el7-1.0-4.el7.x86_64
Mar 21 20:51:29 Installed: 1:make-3.82-24.el7.x86_64
Mar 21 20:51:29 Installed: 1:openssl-1.0.2k-26.el7_9.x86_64
Mar 21 20:51:29 Installed: xz-5.2.2-2.el7_9.x86_64
Mar 21 20:51:29 Installed: bzip2-1.0.6-13.el7.x86_64
Mar 21 20:51:30 Installed: gzip-1.5-11.el7_9.x86_64
Mar 21 20:51:30 Installed: zstd-1.5.4-1.el7.x86_64
Mar 21 20:51:46 Installed: numactl-libs-2.0.12-5.0.3.el7.x86_64
Mar 21 20:51:47 Installed: libaio-0.3.109-13.el7.x86_64
Mar 21 20:51:50 Installed: mysql-community-server-minimal-5.7.41-1.el7.x86_64
Mar 21 20:52:06 Installed: libyaml-0.1.4-11.el7_0.x86_64
Mar 21 20:52:11 Installed: mysql-shell-8.0.32-1.el7.x86_64
